[debug] [2022-01-21T05:30:22.371Z] ----------------------------------------------------------------------
[debug] [2022-01-21T05:30:22.373Z] Command:       C:\Program Files\nodejs\node.exe C:\Users\Booluw\AppData\Local\Yarn\Data\global\node_modules\firebase-tools\lib\bin\firebase.js deploy
[debug] [2022-01-21T05:30:22.374Z] CLI Version:   10.0.1
[debug] [2022-01-21T05:30:22.374Z] Platform:      win32
[debug] [2022-01-21T05:30:22.374Z] Node Version:  v16.13.1
[debug] [2022-01-21T05:30:22.375Z] Time:          Fri Jan 21 2022 06:30:22 GMT+0100 (West Africa Standard Time)
[debug] [2022-01-21T05:30:22.375Z] ----------------------------------------------------------------------
[debug] 
[debug] [2022-01-21T05:30:22.453Z] > command requires scopes: ["email","openid","https://www.googleapis.com/auth/cloudplatformprojects.readonly","https://www.googleapis.com/auth/firebase","https://www.googleapis.com/auth/cloud-platform"]
[debug] [2022-01-21T05:30:22.454Z] > authorizing via signed-in user (jaycewap@gmail.com)
[debug] [2022-01-21T05:30:22.454Z] [iam] checking project todooer for permissions ["firebase.projects.get","firebasehosting.sites.update"]
[debug] [2022-01-21T05:30:22.456Z] >>> HTTP REQUEST POST https://cloudresourcemanager.googleapis.com/v1/projects/todooer:testIamPermissions  
 {"permissions":["firebase.projects.get","firebasehosting.sites.update"]}
[debug] [2022-01-21T05:30:24.179Z] <<< HTTP RESPONSE 200 {"content-type":"application/json; charset=UTF-8","vary":"X-Origin, Referer, Origin,Accept-Encoding","date":"Fri, 21 Jan 2022 05:30:23 GMT","server":"ESF","cache-control":"private","x-xss-protection":"0","x-frame-options":"SAMEORIGIN","x-content-type-options":"nosniff","server-timing":"gfet4t7; dur=1108","alt-svc":"h3=\":443\"; ma=2592000,h3-29=\":443\"; ma=2592000,h3-Q050=\":443\"; ma=2592000,h3-Q046=\":443\"; ma=2592000,h3-Q043=\":443\"; ma=2592000,quic=\":443\"; ma=2592000; v=\"46,43\"","accept-ranges":"none","transfer-encoding":"chunked"}
[debug] [2022-01-21T05:30:24.186Z] > refreshing access token with scopes: []
[debug] [2022-01-21T05:30:24.186Z] >>> HTTP REQUEST POST https://www.googleapis.com/oauth2/v3/token  
 <request body omitted>
[debug] [2022-01-21T05:30:24.654Z] <<< HTTP RESPONSE 200 {"date":"Fri, 21 Jan 2022 05:30:24 GMT","expires":"Mon, 01 Jan 1990 00:00:00 GMT","cache-control":"no-cache, no-store, max-age=0, must-revalidate","pragma":"no-cache","content-type":"application/json; charset=utf-8","vary":"X-Origin, Referer, Origin,Accept-Encoding","server":"scaffolding on HTTPServer2","x-xss-protection":"0","x-frame-options":"SAMEORIGIN","x-content-type-options":"nosniff","alt-svc":"h3=\":443\"; ma=2592000,h3-29=\":443\"; ma=2592000,h3-Q050=\":443\"; ma=2592000,h3-Q046=\":443\"; ma=2592000,h3-Q043=\":443\"; ma=2592000,quic=\":443\"; ma=2592000; v=\"46,43\"","accept-ranges":"none","transfer-encoding":"chunked"}
[debug] [2022-01-21T05:30:24.685Z] >>> [apiv2][query] GET https://firebase.googleapis.com/v1beta1/projects/todooer [none]
[debug] [2022-01-21T05:30:25.537Z] <<< [apiv2][status] GET https://firebase.googleapis.com/v1beta1/projects/todooer 200
[debug] [2022-01-21T05:30:25.537Z] <<< [apiv2][body] GET https://firebase.googleapis.com/v1beta1/projects/todooer {"projectId":"todooer","projectNumber":"565883537934","displayName":"Todo App","name":"projects/todooer","resources":{"hostingSite":"todooer","storageBucket":"todooer.appspot.com","locationId":"us-central"},"state":"ACTIVE"}
[info] 
[info] === Deploying to 'todooer'...
[info] 
[info] i  deploying hosting 
[debug] [2022-01-21T05:30:25.542Z] > refreshing access token with scopes: ["email","https://www.googleapis.com/auth/cloud-platform","https://www.googleapis.com/auth/cloudplatformprojects.readonly","https://www.googleapis.com/auth/firebase","openid"]
[debug] [2022-01-21T05:30:25.543Z] >>> HTTP REQUEST POST https://www.googleapis.com/oauth2/v3/token  
 <request body omitted>
